This is XeTeX, Version 3.14159265-2.6-0.999992 (TeX Live 2020/W32TeX) (preloaded format=xelatex 2021.2.23)  14 MAR 2021 20:22
entering extended mode
 \write18 enabled.
 file:line:error style messages enabled.
 %&-line parsing enabled.
**digital
(./digital.tex
LaTeX2e <2020-10-01> patch level 4
L3 programming layer <2021-02-18> (d:/Program Files/texlive/2020/texmf-dist/tex/latex/base/article.cls
Document Class: article 2020/04/10 v1.4m Standard LaTeX document class
(d:/Program Files/texlive/2020/texmf-dist/tex/latex/base/size10.clo
File: size10.clo 2020/04/10 v1.4m Standard LaTeX file (size option)
)
\c@part=\count175
\c@section=\count176
\c@subsection=\count177
\c@subsubsection=\count178
\c@paragraph=\count179
\c@subparagraph=\count180
\c@figure=\count181
\c@table=\count182
\abovecaptionskip=\skip47
\belowcaptionskip=\skip48
\bibindent=\dimen138
) (d:/Program Files/texlive/2020/texmf-dist/tex/latex/karnaugh/kvmacros.tex

Macros for typesetting Karnaugh maps and Veitch charts
Version of January 7th, 2002
by Andreas W. Wieland, awwieland@gmx.de

\kvunitlength=\dimen139
\kvrecursiondepth=\count183
\kvindexcounter=\count184
\kvxsize=\count185
\kvysize=\count186
\kvvarno=\count187
\kvxvarno=\count188
\kvyvarno=\count189
\kvmarkstart=\count190
\kvmarklength=\count191
\kvmarknum=\count192
\kvmarkmove=\count193
\kvsavebox=\box47
) (d:/Program Files/texlive/2020/texmf-dist/tex/latex/l3backend/l3backend-xetex.def
File: l3backend-xetex.def 2021-02-18 L3 backend support: XeTeX
 (|extractbb --version)
\c__kernel_sys_dvipdfmx_version_int=\count194
\l__color_backend_stack_int=\count195
\g__color_backend_stack_int=\count196
\g__graphics_track_int=\count197
\l__pdf_internal_box=\box48
\g__pdf_backend_object_int=\count198
\g__pdf_backend_annotation_int=\count199
\g__pdf_backend_link_int=\count266
)
No file digital.aux.
\openout1 = `digital.aux'.

LaTeX Font Info:    Checking defaults for OML/cmm/m/it on input line 4.
LaTeX Font Info:    ... okay on input line 4.
LaTeX Font Info:    Checking defaults for OMS/cmsy/m/n on input line 4.
LaTeX Font Info:    ... okay on input line 4.
LaTeX Font Info:    Checking defaults for OT1/cmr/m/n on input line 4.
LaTeX Font Info:    ... okay on input line 4.
LaTeX Font Info:    Checking defaults for T1/cmr/m/n on input line 4.
LaTeX Font Info:    ... okay on input line 4.
LaTeX Font Info:    Checking defaults for TS1/cmr/m/n on input line 4.
LaTeX Font Info:    Trying to load font information for TS1+cmr on input line 4.
(d:/Program Files/texlive/2020/texmf-dist/tex/latex/base/ts1cmr.fd
File: ts1cmr.fd 2019/12/16 v2.5j Standard LaTeX font definitions
)
LaTeX Font Info:    ... okay on input line 4.
LaTeX Font Info:    Checking defaults for TU/lmr/m/n on input line 4.
LaTeX Font Info:    ... okay on input line 4.
LaTeX Font Info:    Checking defaults for OMX/cmex/m/n on input line 4.
LaTeX Font Info:    ... okay on input line 4.
LaTeX Font Info:    Checking defaults for U/cmr/m/n on input line 4.
LaTeX Font Info:    ... okay on input line 4.
LaTeX Font Info:    External font `cmex10' loaded for size
(Font)              <17.28> on input line 8.
LaTeX Font Info:    External font `cmex10' loaded for size
(Font)              <12> on input line 8.
LaTeX Font Info:    External font `cmex10' loaded for size
(Font)              <8> on input line 8.
LaTeX Font Info:    External font `cmex10' loaded for size
(Font)              <6> on input line 8.
LaTeX Font Info:    External font `cmex10' loaded for size
(Font)              <7> on input line 13.
LaTeX Font Info:    External font `cmex10' loaded for size
(Font)              <5> on input line 13.
 [1

] [2]
Overfull \hbox (33.0pt too wide) in paragraph at lines 146--146
[]\TU/lmtt/m/n/10 \karnaughmap{4}{$f(a,b,c,d):$}{{$a$}{$b$}{$c$}{$d$}}{0110011001100110}{}[] 
 []

[3] [4]
Underfull \hbox (badness 1838) in paragraph at lines 208--213
[]\TU/lmr/m/n/10 This results in the following Karnaugh map. The setting of the
 []


Underfull \hbox (badness 1642) in paragraph at lines 208--213
[][]\TU/lmtt/m/n/10 \kvunitlength []\TU/lmr/m/n/10 remains active until you change it again;[] the default
 []

[5]
Underfull \hbox (badness 1281) in paragraph at lines 246--252
[]\TU/lmr/m/n/10 Usually, the font size of the map’s contents and indices should be
 []

[6] [7] [8] [9] [10] [11] [12]
Overfull \hbox (14.1001pt too wide) in paragraph at lines 915--915
[]\TU/lmtt/m/n/9 %% Anyway, if you use my macros, send me an eMail, too. I would like to know[] 
 []


Overfull \hbox (9.37508pt too wide) in paragraph at lines 915--915
[]\TU/lmtt/m/n/9 %% it is distributed together with `kvdoc.tex', `kvdoc.dvi' and `kvdoc.ps'.[] 
 []


Overfull \hbox (4.65007pt too wide) in paragraph at lines 915--915
[]\TU/lmtt/m/n/9 %% August 19th, 1998: Minor changes to make the lines within the maps look[] 
 []


Overfull \hbox (18.82509pt too wide) in paragraph at lines 915--915
[]\TU/lmtt/m/n/9 %% better, also moved the variable identifiers from the right to the left and[] 
 []


Overfull \hbox (23.55008pt too wide) in paragraph at lines 915--915
[]\TU/lmtt/m/n/9 %% instead of 4 parameters. I also included the documentation in an additional[] 
 []


Overfull \hbox (14.10008pt too wide) in paragraph at lines 915--915
[]\TU/lmtt/m/n/9 %% September 23rd, 1998: Fixed the problem with double braces by introducing[] 
 []


Overfull \hbox (18.82509pt too wide) in paragraph at lines 915--915
[]\TU/lmtt/m/n/9 %% May 19th, 1999: Changed the documentation (which was months overdue) after[] 
 []


Overfull \hbox (14.10011pt too wide) in paragraph at lines 915--915
[]\TU/lmtt/m/n/9 %% changed. Probably I should introduce macros for typesetting Veitch charts[] 
 []


Overfull \hbox (4.65005pt too wide) in paragraph at lines 915--915
[]\TU/lmtt/m/n/9 %% Karnaugh maps from \kvfoo to \karnaughfoo. Introduced aliases for those[] 
 []

[13]
Overfull \hbox (28.27507pt too wide) in paragraph at lines 915--915
[]\TU/lmtt/m/n/9 %% macros that are user-callable to maintain compatibility with older versions:[] 
 []


Overfull \hbox (4.65009pt too wide) in paragraph at lines 915--915
[]\TU/lmtt/m/n/9 %% \kvmap -> \karnaughmap. However, \kvindex, \kvnoindex and \kvunitlength[] 
 []


Overfull \hbox (14.10005pt too wide) in paragraph at lines 915--915
[]\TU/lmtt/m/n/9 %% haven't changed their names as they are related to both Karnaugh maps and[] 
 []


Overfull \hbox (18.82504pt too wide) in paragraph at lines 915--915
[]\TU/lmtt/m/n/9 %% variable-length arguments so that it takes much less time to produce large[] 
 []


Overfull \hbox (23.55011pt too wide) in paragraph at lines 915--915
[]\TU/lmtt/m/n/9 %% maps. Several macros so became redundant and are no longer included. Also I[] 
 []


Overfull \hbox (14.10007pt too wide) in paragraph at lines 915--915
[]\TU/lmtt/m/n/9 %% introduced \kvindexsize and \kvcontentsize to adjust the font size of the[] 
 []


Overfull \hbox (4.65007pt too wide) in paragraph at lines 915--915
[]\TU/lmtt/m/n/9 %% January 17th, 2001: Changed the eMail-address in the macro file and the[] 
 []


Overfull \hbox (4.65005pt too wide) in paragraph at lines 915--915
[]\TU/lmtt/m/n/9 %% accompanying documentation and made minor changes to the documentation.[] 
 []


Overfull \hbox (18.82506pt too wide) in paragraph at lines 915--915
[]\TU/lmtt/m/n/9 %% \kvargumentstring and \kvgetonechar so that things like {\textbf 1} in the[] 
 []

[14]
Overfull \hbox (23.55011pt too wide) in paragraph at lines 915--915
[]\TU/lmtt/m/n/9 %% Single fields in a diagram should be indexed, which makes the map easier to[] 
 []


Overfull \hbox (9.37505pt too wide) in paragraph at lines 915--915
[]\TU/lmtt/m/n/9 \def\kvpoweroftwo#1#2{% Computes #1=2^#2, both of which have to be counters[] 
 []


Overfull \hbox (9.37508pt too wide) in paragraph at lines 915--915
[]\TU/lmtt/m/n/9 %% The macros \kvargumentstring, \kvgetchar and \kvgetonechar are needed to[] 
 []


Overfull \hbox (4.65004pt too wide) in paragraph at lines 915--915
[]\TU/lmtt/m/n/9 %% process the variabe-length parameters in \karnaughmap and \veitchchart:[] 
 []


Overfull \hbox (18.82509pt too wide) in paragraph at lines 915--915
[]\TU/lmtt/m/n/9 %% The Macro \karnaughmakemap calls itself recursively until the parameter #1[] 
 []


Overfull \hbox (14.10011pt too wide) in paragraph at lines 915--915
[]\TU/lmtt/m/n/9 %% equals 1, whereupon it returns a single token from the list of arguments,[] 
 []


Overfull \hbox (14.1001pt too wide) in paragraph at lines 915--915
[]\TU/lmtt/m/n/9 %% enclosed in a \makebox plus the index (if enabled) in a smaller \makebox:[] 
 []

[15]
Overfull \hbox (14.10008pt too wide) in paragraph at lines 915--915
[]\TU/lmtt/m/n/9 %% The parameter #2 of \karnaughmakemap is needed because the inner Karnaugh[] 
 []


Overfull \hbox (23.55006pt too wide) in paragraph at lines 915--915
[]\TU/lmtt/m/n/9 %% maps need to be mirrored. This is achieved by the following case-statement,[] 
 []

[16]
Overfull \hbox (23.55008pt too wide) in paragraph at lines 915--915
[]\TU/lmtt/m/n/9 %% \karnaughmaketopmark typesets the variable marks of a Karnaugh map that are[] 
 []


Overfull \hbox (14.1001pt too wide) in paragraph at lines 915--915
[]    \TU/lmtt/m/n/9 \multiply\kvmarkmove by 4 % This is the move distance for the \multiput.[] 
 []


Overfull \hbox (14.1001pt too wide) in paragraph at lines 915--915
[]    \TU/lmtt/m/n/9 \divide\kvmarknum by \kvmarkmove % This is the number of repetitions for[] 
 []


Overfull \hbox (9.37502pt too wide) in paragraph at lines 915--915
[]    \TU/lmtt/m/n/9 \multiput(\kvmarkstart,0)(\kvmarkmove,0){\kvmarknum}{\usebox\kvsavebox}[] 
 []


Overfull \hbox (28.27509pt too wide) in paragraph at lines 915--915
[]\TU/lmtt/m/n/9 %% \karnaughmakeleftmark typesets the variable marks of a Karnaugh map that are[] 
 []

[17]
Overfull \hbox (14.10004pt too wide) in paragraph at lines 915--915
[]        \TU/lmtt/m/n/9 \put(-0.3,0){\makebox(-0.7,\kvmarklength){\kvcontentsize\kvgetchar}}[] 
 []


Overfull \hbox (18.82504pt too wide) in paragraph at lines 915--915
[]    \TU/lmtt/m/n/9 \multiput(0,-\kvmarkstart)(0,-\kvmarkmove){\kvmarknum}{\usebox\kvsavebox}[] 
 []

[18]
Overfull \hbox (18.82507pt too wide) in paragraph at lines 915--915
[]\TU/lmtt/m/n/9 %% The definition of \kvmap is necessary to maintain compatibility with older[] 
 []


Overfull \hbox (18.82509pt too wide) in paragraph at lines 915--915
[]\TU/lmtt/m/n/9 %% The Macro \veitchmakechart calls itself recursively until the parameter #1[] 
 []


Overfull \hbox (14.10011pt too wide) in paragraph at lines 915--915
[]\TU/lmtt/m/n/9 %% equals 1, whereupon it returns a single token from the list of arguments,[] 
 []


Overfull \hbox (14.1001pt too wide) in paragraph at lines 915--915
[]\TU/lmtt/m/n/9 %% enclosed in a \makebox plus the index (if enabled) in a smaller \makebox:[] 
 []

[19]
Overfull \hbox (14.1001pt too wide) in paragraph at lines 915--915
[]    \TU/lmtt/m/n/9 \multiply\kvmarkmove by 2 % This is the move distance for the \multiput.[] 
 []


Overfull \hbox (14.1001pt too wide) in paragraph at lines 915--915
[]    \TU/lmtt/m/n/9 \divide\kvmarknum by \kvmarkmove % This is the number of repetitions for[] 
 []


Overfull \hbox (9.37502pt too wide) in paragraph at lines 915--915
[]    \TU/lmtt/m/n/9 \multiput(\kvmarkstart,0)(\kvmarkmove,0){\kvmarknum}{\usebox\kvsavebox}[] 
 []


Overfull \hbox (33.0001pt too wide) in paragraph at lines 915--915
[]    \TU/lmtt/m/n/9 \multiply\kvmarkmove by 2 % This now is the move distance for the \multiput.[] 
 []

[20]
Overfull \hbox (14.10004pt too wide) in paragraph at lines 915--915
[]        \TU/lmtt/m/n/9 \put(-0.3,0){\makebox(-0.7,\kvmarklength){\kvcontentsize\kvgetchar}}[] 
 []


Overfull \hbox (18.82504pt too wide) in paragraph at lines 915--915
[]    \TU/lmtt/m/n/9 \multiput(0,-\kvmarkstart)(0,-\kvmarkmove){\kvmarknum}{\usebox\kvsavebox}[] 
 []

[21] [22] (./digital.aux) ) 
Here is how much of TeX's memory you used:
 540 strings out of 476939
 10710 string characters out of 5819916
 407207 words of memory out of 5000000
 20570 multiletter control sequences out of 15000+600000
 407200 words of font info for 54 fonts, out of 8000000 for 9000
 1348 hyphenation exceptions out of 8191
 44i,20n,50p,167b,428s stack positions out of 5000i,500n,10000p,200000b,80000s

Output written on digital.pdf (22 pages).
