\BOOKMARK [1][]{section.1}{\376\377\116\000\060\001\000\040\145\160\133\146\152\041\127\213\166\204\136\372\172\313\124\214\122\006\147\220}{}% 1
\BOOKMARK [2][]{subsection.1.1}{\376\377\0001\000.\0001\000\040\120\107\213\276\116\016\173\046\123\367\213\364\146\016}{section.1}% 2
\BOOKMARK [2][]{subsection.1.2}{\376\377\0001\000.\0002\000\040\122\006\147\220\225\356\230\230}{section.1}% 3
\BOOKMARK [2][]{subsection.1.3}{\376\377\0001\000.\0003\000\040\127\372\170\100\152\041\127\213}{section.1}% 4
\BOOKMARK [2][]{subsection.1.4}{\376\377\0001\000.\0004\000\040\136\372\172\313\145\160\133\146\152\041\127\213}{section.1}% 5
\BOOKMARK [2][]{subsection.1.5}{\376\377\0001\000.\0005\000\040\145\160\143\156\226\306\166\204\203\267\123\326\116\016\173\133\220\011}{section.1}% 6
\BOOKMARK [3][]{subsubsection.1.5.1}{\376\377\0001\000.\0005\000.\0001\000\040\145\160\143\156\226\306\166\204\220\011\123\326}{subsection.1.5}% 7
\BOOKMARK [3][]{subsubsection.1.5.2}{\376\377\0001\000.\0005\000.\0002\000\040\145\160\143\156\226\306\166\204\156\005\155\027}{subsection.1.5}% 8
\BOOKMARK [3][]{subsubsection.1.5.3}{\376\377\0001\000.\0005\000.\0003\000\040\116\272\135\345\150\300\147\345}{subsection.1.5}% 9
\BOOKMARK [2][]{subsection.1.6}{\376\377\0001\000.\0006\000\040\214\003\145\164\152\041\127\213\123\302\145\160}{section.1}% 10
\BOOKMARK [2][]{subsection.1.7}{\376\377\0001\000.\0007\000\040\116\343\170\001\211\343\221\312}{section.1}% 11
\BOOKMARK [2][]{subsection.1.8}{\376\377\0001\000.\0008\000\040\122\006\147\220\226\077\200\257\202\162\135\336\000C\000O\000V\000I\000D\000\137\0001\0009\165\305\153\322\166\204\117\040\144\255\140\305\121\265}{section.1}% 12
\BOOKMARK [3][]{subsubsection.1.8.1}{\376\377\0001\000.\0008\000.\0001\000\040\122\035\153\145\122\006\147\220\142\337\124\010}{subsection.1.8}% 13
\BOOKMARK [3][]{subsubsection.1.8.2}{\376\377\0001\000.\0008\000.\0002\000\040\117\177\165\050\000L\000-\000M\173\227\154\325\217\333\210\114\117\030\123\026}{subsection.1.8}% 14
\BOOKMARK [3][]{subsubsection.1.8.3}{\376\377\0001\000.\0008\000.\0003\000\040\143\007\150\007\213\241\173\227\210\145\121\105}{subsection.1.8}% 15
\BOOKMARK [3][]{subsubsection.1.8.4}{\376\377\0001\000.\0008\000.\0004\000\040\176\323\213\272\140\073\176\323}{subsection.1.8}% 16
\BOOKMARK [1][]{section.2}{\376\377\116\214\060\001\000\040\116\272\174\173\171\373\122\250\124\214\200\132\226\306\210\114\116\072\133\371\145\260\121\240\165\305\153\322\117\040\144\255\166\204\137\161\124\315}{}% 17
\BOOKMARK [2][]{subsection.2.1}{\376\377\0002\000.\0001\000\040\226\077\200\257\202\162\135\336\116\272\177\244\171\373\122\250\116\016\200\132\226\306\210\114\116\072\214\003\147\345\122\006\147\220}{section.2}% 18
\BOOKMARK [2][]{subsection.2.2}{\376\377\0002\000.\0002\000\040\122\006\147\220\163\260\147\011\126\376\120\317\143\250\145\255\165\305\153\322\117\040\144\255}{section.2}% 19
\BOOKMARK [2][]{subsection.2.3}{\376\377\0002\000.\0003\000\040\176\323\213\272}{section.2}% 20
\BOOKMARK [1][]{section.3}{\376\377\116\011\060\001\000\040\165\253\202\327\133\130\127\050\166\204\140\305\121\265\116\013\133\371\127\060\123\072\165\253\140\305\217\333\210\114\122\006\147\220}{}% 21
\BOOKMARK [2][]{subsection.3.1}{\376\377\0003\000.\0001\000\040\122\006\147\220\166\370\121\163\123\302\145\160\145\071\123\330}{section.3}% 22
\BOOKMARK [2][]{subsection.3.2}{\376\377\0003\000.\0002\000\040\122\006\147\220\165\253\140\305\123\321\134\125\140\305\121\265}{section.3}% 23
\BOOKMARK [2][]{subsection.3.3}{\376\377\0003\000.\0003\000\040\176\323\213\272}{section.3}% 24
\BOOKMARK [1][]{section.4}{\376\377\126\333\060\001\000\040\176\323\213\272}{}% 25
\BOOKMARK [1][]{section*.15}{\376\377\123\302\200\003\145\207\163\056}{}% 26
\BOOKMARK [1][]{appendix.a.A}{\376\377\226\104\137\125\000\040\000A\000\040\133\214\145\164\123\357\142\147\210\114\172\013\136\217}{}% 27
