INFO: latexindent.exe version 3.8.3, 2020-11-06, a script to indent .tex files
      latexindent.exe lives here: D:/Program Files/texlive/2020/bin/win32/
      Wed Jul 28 23:08:38 2021
      Filename: d:/DirectProgramFile/Desktop-documents/LatexDocument/Leetcode/__latexindent_temp.tex
INFO: Processing switches:
      -y|--yaml: YAML settings specified via command line
      -c|--cruft: cruft directory
INFO: Directory for backup files and d:/DirectProgramFile/Desktop-documents/LatexDocument/Compilers1//indent.log: d:/DirectProgramFile/Desktop-documents/LatexDocument/Compilers1/
INFO: YAML settings read: defaultSettings.yaml
      Reading defaultSettings.yaml from D:/Program Files/texlive/2020/bin/win32/defaultSettings.yaml
      Reading defaultSettings.yaml (2nd attempt, TeXLive, Windows) from D:/Program Files/texlive/2020/bin/win32/../../texmf-dist/scripts/latexindent/defaultSettings.yaml
INFO: YAML settings read: indentconfig.yaml or .indentconfig.yaml
      Home directory is C:\Users\123456 (didn't find either indentconfig.yaml or .indentconfig.yaml)
      To specify user settings you would put indentconfig.yaml here: C:\Users\123456/indentconfig.yaml
      Alternatively, you can use the hidden file .indentconfig.yaml as: C:\Users\123456/.indentconfig.yaml
INFO: YAML settings read: -y switch
      Updating masterSettings with defaultIndent: 	
INFO: Phase 1: searching for objects
INFO: Phase 2: finding surrounding indentation
INFO: Phase 3: indenting objects
INFO: Phase 4: final indentation check
INFO: Output routine:
      Not outputting to file; see -w and -o switches for more options.
      --------------
INFO: Please direct all communication/issues to:
      https://github.com/cmhughes/latexindent.pl
